<?xml version="1.0" encoding="UTF-8"?>
<testng-results ignored="0" total="1" passed="1" failed="0" skipped="0">
  <reporter-output>
  </reporter-output>
  <suite started-at="2023-09-08T13:49:33 IST" name="Default suite" finished-at="2023-09-08T13:49:41 IST" duration-ms="8217">
    <groups>
    </groups>
    <test started-at="2023-09-08T13:49:33 IST" name="Default test" finished-at="2023-09-08T13:49:41 IST" duration-ms="8217">
      <class name="Test_cases.DelectPackageTest">
        <test-method is-config="true" signature="LanchApp()[pri:0, instance:Test_cases.DelectPackageTest@c88a337]" started-at="2023-09-08T13:49:21 IST" name="LanchApp" finished-at="2023-09-08T13:49:33 IST" duration-ms="11405" status="PASS">
          <reporter-output>
          </reporter-output>
        </test-method> <!-- LanchApp -->
        <test-method is-config="true" signature="Login()[pri:0, instance:Test_cases.DelectPackageTest@c88a337]" started-at="2023-09-08T13:49:33 IST" name="Login" finished-at="2023-09-08T13:49:34 IST" duration-ms="1658" status="PASS">
          <reporter-output>
          </reporter-output>
        </test-method> <!-- Login -->
        <test-method signature="Delect()[pri:0, instance:Test_cases.DelectPackageTest@c88a337]" started-at="2023-09-08T13:49:34 IST" name="Delect" finished-at="2023-09-08T13:49:38 IST" duration-ms="3771" status="PASS">
          <reporter-output>
          </reporter-output>
        </test-method> <!-- Delect -->
        <test-method is-config="true" signature="logout()[pri:0, instance:Test_cases.DelectPackageTest@c88a337]" started-at="2023-09-08T13:49:38 IST" name="logout" finished-at="2023-09-08T13:49:41 IST" duration-ms="2724" status="PASS">
          <reporter-output>
          </reporter-output>
        </test-method> <!-- logout -->
        <test-method is-config="true" signature="closeApp()[pri:0, instance:Test_cases.DelectPackageTest@c88a337]" started-at="2023-09-08T13:49:41 IST" name="closeApp" finished-at="2023-09-08T13:49:41 IST" duration-ms="406" status="PASS">
          <reporter-output>
          </reporter-output>
        </test-method> <!-- closeApp -->
      </class> <!-- Test_cases.DelectPackageTest -->
    </test> <!-- Default test -->
  </suite> <!-- Default suite -->
</testng-results>
